<?xml version="1.0" encoding="UTF-8"?>
<!-- Generated by org.testng.reporters.JUnitReportReporter -->
<testsuite hostname="DESKTOP-IL5NH6I" failures="0" tests="1" name="ResponseValidation.ResponseTimeValidation" time="2.609" errors="0" timestamp="2022-06-15T13:25:57 IST" skipped="0">
  <testcase classname="ResponseValidation.ResponseTimeValidation" name="ResponseTimeValidationTest" time="2.609"/>
  <system-out/>
</testsuite> <!-- ResponseValidation.ResponseTimeValidation -->
