<?xml version="1.0" encoding="UTF-8"?>
<!-- Generated by org.testng.reporters.JUnitReportReporter -->
<<<<<<< HEAD
<testsuite hostname="DESKTOP-IL5NH6I" failures="0" tests="1" name="CrudWithBdd.CreateProject" time="2.770" errors="0" timestamp="2022-06-14T16:05:39 IST" skipped="0">
  <testcase classname="CrudWithBdd.CreateProject" name="createProjectTest" time="2.770"/>
=======
<testsuite hostname="DESKTOP-IL5NH6I" failures="0" tests="1" name="CrudWithBdd.CreateProject" time="0.078" errors="0" timestamp="2022-06-15T13:22:04 IST" skipped="0">
  <testcase classname="CrudWithBdd.CreateProject" name="CreateProjectTest" time="0.078"/>
>>>>>>> branch 'master' of https://github.com/madhusudana5/Practice2.git
  <system-out/>
</testsuite> <!-- CrudWithBdd.CreateProject -->
