<?xml version="1.0" encoding="UTF-8"?>
<!-- Generated by org.testng.reporters.JUnitReportReporter -->
<testsuite hostname="DESKTOP-IL5NH6I" failures="0" tests="1" name="CreateDifferentWaysRestAssured.CreateProjectUsingProjectLibrary" time="2.663" errors="0" timestamp="2022-06-15T11:40:11 IST" skipped="0">
  <testcase classname="CreateDifferentWaysRestAssured.CreateProjectUsingProjectLibrary" name="createProjectUsingProjectLibrary" time="2.663"/>
  <system-out/>
</testsuite> <!-- CreateDifferentWaysRestAssured.CreateProjectUsingProjectLibrary -->
