<?xml version="1.0" encoding="UTF-8"?>
<!-- Generated by org.testng.reporters.JUnitReportReporter -->
<testsuite hostname="DESKTOP-IL5NH6I" failures="0" tests="1" name="CrudWithOutBdd.UpdateProject" time="2.728" errors="0" timestamp="2022-06-14T15:56:12 IST" skipped="0">
  <testcase classname="CrudWithOutBdd.UpdateProject" name="UpdateProject" time="2.728"/>
  <system-out/>
</testsuite> <!-- CrudWithOutBdd.UpdateProject -->
