<?xml version="1.0" encoding="UTF-8"?>
<!-- Generated by org.testng.reporters.JUnitReportReporter -->
<testsuite hostname="DESKTOP-IL5NH6I" failures="0" tests="1" name="DiffWaysToPost.CreateProjectUsingMap" time="0.048" errors="0" timestamp="2022-06-15T13:22:04 IST" skipped="0">
  <testcase classname="DiffWaysToPost.CreateProjectUsingMap" name="CreateProjectUsingMapTest" time="0.048"/>
  <system-out/>
</testsuite> <!-- DiffWaysToPost.CreateProjectUsingMap -->
