<?xml version="1.0" encoding="UTF-8"?>
<!-- Generated by org.testng.reporters.JUnitReportReporter -->
<testsuite hostname="DESKTOP-IL5NH6I" failures="0" tests="1" name="CrudWithBdd.DeleteProjects" time="2.017" errors="0" timestamp="2022-06-14T16:46:02 IST" skipped="0">
  <testcase classname="CrudWithBdd.DeleteProjects" name="deleteProjects" time="2.017"/>
  <system-out/>
</testsuite> <!-- CrudWithBdd.DeleteProjects -->
