<?xml version="1.0" encoding="UTF-8"?>
<!-- Generated by org.testng.reporters.JUnitReportReporter -->
<testsuite hostname="DESKTOP-IL5NH6I" failures="0" tests="1" name="serializationdeserialization.SerializationWithObject" time="0.237" errors="0" timestamp="2022-06-15T13:28:14 IST" skipped="0">
  <testcase classname="serializationdeserialization.SerializationWithObject" name="SerializationWithObjectTest" time="0.237"/>
  <system-out/>
</testsuite> <!-- serializationdeserialization.SerializationWithObject -->
