<?xml version="1.0" encoding="UTF-8"?>
<!-- Generated by org.testng.reporters.JUnitReportReporter -->
<testsuite hostname="DESKTOP-IL5NH6I" failures="0" tests="1" name="CrudWithOutBdd.CreateProject" time="2.834" errors="0" timestamp="2022-06-14T15:54:13 IST" skipped="0">
  <testcase classname="CrudWithOutBdd.CreateProject" name="createProjectTest" time="2.834"/>
  <system-out/>
</testsuite> <!-- CrudWithOutBdd.CreateProject -->
