<?xml version="1.0" encoding="UTF-8"?>
<!-- Generated by org.testng.reporters.JUnitReportReporter -->
<testsuite hostname="DESKTOP-IL5NH6I" failures="0" tests="1" name="serializationdeserialization.Deserialization" time="0.242" errors="0" timestamp="2022-06-15T13:28:29 IST" skipped="0">
  <testcase classname="serializationdeserialization.Deserialization" name="DeserializationTest" time="0.242"/>
  <system-out/>
</testsuite> <!-- serializationdeserialization.Deserialization -->
