<?xml version="1.0" encoding="UTF-8"?>
<!-- Generated by org.testng.reporters.JUnitReportReporter -->
<testsuite hostname="DESKTOP-IL5NH6I" failures="0" tests="1" name="CrudWithBdd.UpdateProject" time="2.403" errors="0" timestamp="2022-06-14T16:40:36 IST" skipped="0">
  <testcase classname="CrudWithBdd.UpdateProject" name="updateProject" time="2.403"/>
  <system-out/>
</testsuite> <!-- CrudWithBdd.UpdateProject -->
