<?xml version="1.0" encoding="UTF-8"?>
<!-- Generated by org.testng.reporters.JUnitReportReporter -->
<testsuite hostname="DESKTOP-IL5NH6I" failures="0" tests="1" name="CreateDifferentWaysRestAssured.CreateProjectUsingHashmap" time="2.646" errors="0" timestamp="2022-06-14T17:37:10 IST" skipped="0">
  <testcase classname="CreateDifferentWaysRestAssured.CreateProjectUsingHashmap" name="createProjectUsingHashmap" time="2.646"/>
  <system-out/>
</testsuite> <!-- CreateDifferentWaysRestAssured.CreateProjectUsingHashmap -->
