<?xml version="1.0" encoding="UTF-8"?>
<!-- Generated by org.testng.reporters.JUnitReportReporter -->
<testsuite hostname="DESKTOP-IL5NH6I" failures="0" tests="1" name="CrudWithOutBdd.GetAllProjectTest" time="2.221" errors="0" timestamp="2022-06-14T15:55:03 IST" skipped="0">
  <testcase classname="CrudWithOutBdd.GetAllProjectTest" name="getAllProjectTest" time="2.221"/>
  <system-out/>
</testsuite> <!-- CrudWithOutBdd.GetAllProjectTest -->
