<?xml version="1.0" encoding="UTF-8"?>
<!-- Generated by org.testng.reporters.JUnitReportReporter -->
<testsuite hostname="DESKTOP-IL5NH6I" failures="0" tests="1" name="SerializationDserialization.Deserialization" time="0.266" errors="0" timestamp="2022-06-13T15:41:47 IST" skipped="0">
  <testcase classname="SerializationDserialization.Deserialization" name="deserializationTest" time="0.266"/>
  <system-out/>
</testsuite> <!-- SerializationDserialization.Deserialization -->
