<?xml version="1.0" encoding="UTF-8"?>
<!-- Generated by org.testng.reporters.JUnitReportReporter -->
<testsuite hostname="DESKTOP-IL5NH6I" failures="0" tests="1" name="CrudWithBdd.GetallProjectTest" time="2.179" errors="0" timestamp="2022-06-14T16:37:09 IST" skipped="0">
  <testcase classname="CrudWithBdd.GetallProjectTest" name="getallProjectTest" time="2.179"/>
  <system-out/>
</testsuite> <!-- CrudWithBdd.GetallProjectTest -->
