<?xml version="1.0" encoding="UTF-8"?>
<!-- Generated by org.testng.reporters.JUnitReportReporter -->
<testsuite hostname="DESKTOP-IL5NH6I" failures="0" tests="1" name="SerializationDserialization.Seerialization" time="0.228" errors="0" timestamp="2022-06-13T15:42:09 IST" skipped="0">
  <testcase classname="SerializationDserialization.Seerialization" name="seerializationTest" time="0.228"/>
  <system-out/>
</testsuite> <!-- SerializationDserialization.Seerialization -->
