<?xml version="1.0" encoding="UTF-8"?>
<!-- Generated by org.testng.reporters.JUnitReportReporter -->
<testsuite hostname="DESKTOP-IL5NH6I" failures="0" tests="1" name="SerializationDserialization.SerializationWithObject" time="0.243" errors="0" timestamp="2022-06-15T11:48:39 IST" skipped="0">
  <testcase classname="SerializationDserialization.SerializationWithObject" name="seerializationWithObjectTest" time="0.243"/>
  <system-out/>
</testsuite> <!-- SerializationDserialization.SerializationWithObject -->
