<?xml version="1.0" encoding="UTF-8"?>
<!-- Generated by org.testng.reporters.JUnitReportReporter -->
<testsuite hostname="DESKTOP-IL5NH6I" failures="0" tests="1" name="SerializationDserialization.DserializationWithArray" time="0.259" errors="0" timestamp="2022-06-13T16:12:47 IST" skipped="0">
  <testcase classname="SerializationDserialization.DserializationWithArray" name="deserializationWithArrayTest" time="0.259"/>
  <system-out/>
</testsuite> <!-- SerializationDserialization.DserializationWithArray -->
