<?xml version="1.0" encoding="UTF-8"?>
<!-- Generated by org.testng.reporters.JUnitReportReporter -->
<testsuite hostname="DESKTOP-IL5NH6I" failures="0" tests="1" name="SerializationDserialization.SerializatonWithArray" time="0.263" errors="0" timestamp="2022-06-13T16:11:27 IST" skipped="0">
  <testcase classname="SerializationDserialization.SerializatonWithArray" name="seerializationWithArrayTest" time="0.263"/>
  <system-out/>
</testsuite> <!-- SerializationDserialization.SerializatonWithArray -->
