<?xml version="1.0" encoding="UTF-8"?>
<!-- Generated by org.testng.reporters.JUnitReportReporter -->
<testsuite hostname="DESKTOP-IL5NH6I" failures="0" tests="1" name="Parameters.PathParameter" time="2.136" errors="0" timestamp="2022-06-15T15:16:19 IST" skipped="0">
  <testcase classname="Parameters.PathParameter" name="PathParameterTest" time="2.136"/>
  <system-out/>
</testsuite> <!-- Parameters.PathParameter -->
