<?xml version="1.0" encoding="UTF-8"?>
<!-- Generated by org.testng.reporters.JUnitReportReporter -->
<testsuite hostname="DESKTOP-IL5NH6I" failures="0" tests="1" name="Authentication.BasicAuth" time="2.368" errors="0" timestamp="2022-06-15T17:07:07 IST" skipped="0">
  <testcase classname="Authentication.BasicAuth" name="basicAuthTest" time="2.368"/>
  <system-out/>
</testsuite> <!-- Authentication.BasicAuth -->
